Six Gates Investment Screening System - Phase 1
-----------------------------------------------
Analyzing Ticker: NVDA

[Gate 2] Economic Engine:
PASS ✅
 - avg_roic: 0.3610
 - wacc: 0.0800
 - spread: 0.2810
 - margin_slope: 0.0873

[Gate 2.5] Capital Structure:
PASS ✅
 - net_debt_ebitda: 0.0195
 - interest_coverage: 329.7692
 - debt_due_12m_pct: 0.0000
 - stress_ebitda: 60,295,900,000.0000
 - interest_expense: 247,000,000.0000

[Gate 3] Cash Integrity:
FAIL ❌ (Receivables grew faster than revenue (16.47% divergence))
 - fcf_conversion: 0.8568
 - accruals_ratio: 0.0788
 - receivables_divergence: 0.1647

[Gate 4] Valuation:
PASS ✅
 - peg: 0.2743
 - pegy: 0.2742
 - p_fcf: 47.7841
 - valuation_percentile: 0.0000

[Gate 1] Capital Allocation:
PASS ✅
 - share_reduction_5y: 0.0051
 - net_insider_shares_12m: 0.0000
 - dividend_cuts: 0.0000

[Gate 5] Narrative Arbitrage:
NEWS FETCH ERROR: FMP API Error: Client error: `GET https://financialmodelingprep.com/stable/stock_news?tickers=NVDA&limit=10&apikey=6LbGFAC3kxVvMvXw8JxTYTDJ39PQOCmK` resulted in a `404 Not Found` response:
[]

STATUS: NEUTRAL
 - analyst_count: 0.0000
 - avg_eps_estimate: 0.0000
 - revision_trend: 0.0000
 - sentiment_score: 0.0000
 - news_count: 0.0000

[Gate 1.5] Moat Assessment:
Durability: medium
Type: intangible_assets

[Gate 2.75] Reinvestment Runway:
Growth Category: mature
 - reinvestment_rate: -0.1134
 - incremental_roic: 1.4699
 - growth_category: 0.0000
 - nopat_growth_3y: 6.1723

[Gate 3.5] Complexity Filter:
PASS ✅ (Not Too Hard)
 - earnings_cov: 1.0772
 - predictability: 0.0000

[Market Context] Cycle Analysis:
Phase: BULL
Risk Score: 50/100
Discount Adj: 0%

-----------------------------------------------
Full Analysis Run:
Ticker: NVDA
Quality Check: FAILED ❌

[Classification] Tier & Size:
Quality Tier: Uninvestable
Recommended Position: 0%

[33mWARNING: Could not save to database: An exception occurred while executing a query: SQLSTATE[42S02]: Base table or view not found: 1146 Table 'six_gates.stocks' doesn't exist[0m
